#
# A fatal error has been detected by the Java Runtime Environment:
#
#  Internal Error (javaClasses.cpp:136), pid=1160, tid=3204
#  fatal error: Invalid layout of preloaded class
#
# JRE version:  (7.0_51-b13) (build )
# Java VM: Java HotSpot(TM) 64-Bit Server VM (24.51-b03 mixed mode windows-amd64 compressed oops)
# Failed to write core dump. Minidumps are not enabled by default on client versions of Windows
#
# If you would like to submit a bug report, please visit:
#   http://bugreport.sun.com/bugreport/crash.jsp
#

---------------  T H R E A D  ---------------

Current thread (0x000000000027d800):  JavaThread "Unknown thread" [_thread_in_vm, id=3204, stack(0x00000000027f0000,0x00000000028f0000)]

Stack: [0x00000000027f0000,0x00000000028f0000]

---------------  P R O C E S S  ---------------

Java Threads: ( => current thread )

Other Threads:

=>0x000000000027d800 (exited) JavaThread "Unknown thread" [_thread_in_vm, id=3204, stack(0x00000000027f0000,0x00000000028f0000)]

VM state:not at safepoint (not fully initialized)

VM Mutex/Monitor currently owned by a thread: None

GC Heap History (0 events):
No events

Deoptimization events (0 events):
No events

Internal exceptions (0 events):
No events

Events (10 events):
Event: 0.010 loading class 0x00000000024ac380 done
Event: 0.010 loading class 0x00000000024abda0 done
Event: 0.010 loading class 0x00000000024abd80
Event: 0.010 loading class 0x00000000024b3e80
Event: 0.010 loading class 0x00000000024b3e80 done
Event: 0.010 loading class 0x00000000024b3eb0
Event: 0.010 loading class 0x00000000024b3eb0 done
Event: 0.010 loading class 0x00000000024b3ee0
Event: 0.010 loading class 0x00000000024b3ee0 done
Event: 0.010 loading class 0x00000000024abd80 done


Dynamic libraries:
0x000000013feb0000 - 0x000000013fee3000 	C:\Program Files\Java\jre7\bin\javaw.exe
0x0000000077880000 - 0x0000000077a29000 	C:\windows\SYSTEM32\ntdll.dll
0x0000000077660000 - 0x000000007777f000 	C:\windows\system32\kernel32.dll
0x000007fefdd90000 - 0x000007fefddfb000 	C:\windows\system32\KERNELBASE.dll
0x000007fefe390000 - 0x000007fefe46b000 	C:\windows\system32\ADVAPI32.dll
0x000007fefe5a0000 - 0x000007fefe63f000 	C:\windows\system32\msvcrt.dll
0x000007fefe7f0000 - 0x000007fefe80f000 	C:\windows\SYSTEM32\sechost.dll
0x000007fefe470000 - 0x000007fefe59d000 	C:\windows\system32\RPCRT4.dll
0x0000000077780000 - 0x000000007787a000 	C:\windows\system32\USER32.dll
0x000007fefe6a0000 - 0x000007fefe707000 	C:\windows\system32\GDI32.dll
0x000007feffb00000 - 0x000007feffb0e000 	C:\windows\system32\LPK.dll
0x000007feff750000 - 0x000007feff819000 	C:\windows\system32\USP10.dll
0x000007fefc780000 - 0x000007fefc974000 	C:\windows\WinSxS\amd64_microsoft.windows.common-controls_6595b64144ccf1df_6.0.7601.17514_none_fa396087175ac9ac\COMCTL32.dll
0x000007feffa80000 - 0x000007feffaf1000 	C:\windows\system32\SHLWAPI.dll
0x000007feffa50000 - 0x000007feffa7e000 	C:\windows\system32\IMM32.DLL
0x000007feff5a0000 - 0x000007feff6a9000 	C:\windows\system32\MSCTF.dll
0x000007fefdcb0000 - 0x000007fefdcdf000 	C:\Windows\system32\nvinitx.dll
0x0000000050d60000 - 0x0000000050e32000 	C:\Program Files\Java\jre7\bin\msvcr100.dll
0x0000000050590000 - 0x0000000050d59000 	C:\Program Files\Java\jre7\bin\server\jvm.dll
0x000007fefb7d0000 - 0x000007fefb7d9000 	C:\windows\system32\WSOCK32.dll
0x000007fefe0b0000 - 0x000007fefe0fd000 	C:\windows\system32\WS2_32.dll
0x000007fefe100000 - 0x000007fefe108000 	C:\windows\system32\NSI.dll
0x000007fefbdc0000 - 0x000007fefbdfb000 	C:\windows\system32\WINMM.dll
0x0000000077a40000 - 0x0000000077a47000 	C:\windows\system32\PSAPI.DLL
0x000000006d760000 - 0x000000006d76f000 	C:\Program Files\Java\jre7\bin\verify.dll
0x0000000058a20000 - 0x0000000058a48000 	C:\Program Files\Java\jre7\bin\java.dll
0x000000005a080000 - 0x000000005a095000 	C:\Program Files\Java\jre7\bin\zip.dll

VM Arguments:
jvm_args: -Dfile.encoding=GBK -Xbootclasspath:D:\Android\android-sdk\platforms\android-16\android.jar 
java_command: com.example.socket.SocketClient
Launcher Type: SUN_STANDARD

Environment Variables:
PATH=C:/Program Files (x86)/Java/jre7/bin/client;C:/Program Files (x86)/Java/jre7/bin;C:/Program Files (x86)/Java/jre7/lib/i386;C:\Program Files (x86)\NVIDIA Corporation\PhysX\Common;C:\windows\system32;C:\windows;C:\windows\System32\Wbem;C:\windows\System32\WindowsPowerShell\v1.0\;c:\Program Files (x86)\Microsoft SQL Server\100\Tools\Binn\;c:\Program Files\Microsoft SQL Server\100\Tools\Binn\;c:\Program Files\Microsoft SQL Server\100\DTS\Binn\;.;;D:\Android\eclipse;;.;
USERNAME=Administrator
OS=Windows_NT
PROCESSOR_IDENTIFIER=Intel64 Family 6 Model 58 Stepping 9, GenuineIntel



---------------  S Y S T E M  ---------------

OS: Windows 7 , 64 bit Build 7601 Service Pack 1

CPU:total 4 (2 cores per cpu, 2 threads per core) family 6 model 58 stepping 9, cmov, cx8, fxsr, mmx, sse, sse2, sse3, ssse3, sse4.1, sse4.2, popcnt, avx, aes, erms, ht, tsc, tscinvbit, tscinv

Memory: 4k page, physical 8250452k(4327736k free), swap 8248592k(3583212k free)

vm_info: Java HotSpot(TM) 64-Bit Server VM (24.51-b03) for windows-amd64 JRE (1.7.0_51-b13), built on Dec 18 2013 18:40:56 by "java_re" with unknown MS VC++:1600

time: Tue Jun 03 21:50:24 2014
elapsed time: 0 seconds

